# JRE version: OpenJDK Runtime Environment Temurin-11.0.12+7 (11.0.12+7) (build 11.0.12+7)
# Java VM: OpenJDK 64-Bit Server VM Temurin-11.0.12+7 (11.0.12+7, mixed mode, tiered, compressed oops, g1 gc, windows-amd64)
Heap:
 garbage-first heap   total 248832K, used 220077K [0x00000000e0000000, 0x0000000100000000)
  region size 1024K, 21 young (21504K), 2 survivors (2048K)
 Metaspace       used 32864K, capacity 33484K, committed 33792K, reserved 1079296K
  class space    used 3291K, capacity 3513K, committed 3584K, reserved 1048576K
GC Heap History (20 events):
Event: 1009.278 GC heap after
{Heap after GC invocations=101 (full 0):
 garbage-first heap   total 248832K, used 199913K [0x00000000e0000000, 0x0000000100000000)
  region size 1024K, 2 young (2048K), 2 survivors (2048K)
 Metaspace       used 32812K, capacity 33353K, committed 33536K, reserved 1079296K
  class space    used 3291K, capacity 3513K, committed 3584K, reserved 1048576K
}
Event: 1012.923 GC heap before
{Heap before GC invocations=101 (full 0):
 garbage-first heap   total 248832K, used 220393K [0x00000000e0000000, 0x0000000100000000)
  region size 1024K, 22 young (22528K), 2 survivors (2048K)
 Metaspace       used 32815K, capacity 33353K, committed 33536K, reserved 1079296K
  class space    used 3291K, capacity 3513K, committed 3584K, reserved 1048576K
}
Event: 1012.925 GC heap after
{Heap after GC invocations=102 (full 0):
 garbage-first heap   total 248832K, used 199967K [0x00000000e0000000, 0x0000000100000000)
  region size 1024K, 2 young (2048K), 2 survivors (2048K)
 Metaspace       used 32815K, capacity 33353K, committed 33536K, reserved 1079296K
  class space    used 3291K, capacity 3513K, committed 3584K, reserved 1048576K
}
Event: 1014.674 GC heap before
{Heap before GC invocations=102 (full 0):
 garbage-first heap   total 248832K, used 220447K [0x00000000e0000000, 0x0000000100000000)
  region size 1024K, 22 young (22528K), 2 survivors (2048K)
 Metaspace       used 32815K, capacity 33353K, committed 33536K, reserved 1079296K
  class space    used 3291K, capacity 3513K, committed 3584K, reserved 1048576K
}
Event: 1014.675 GC heap after
{Heap after GC invocations=103 (full 0):
 garbage-first heap   total 248832K, used 200014K [0x00000000e0000000, 0x0000000100000000)
  region size 1024K, 2 young (2048K), 2 survivors (2048K)
 Metaspace       used 32815K, capacity 33353K, committed 33536K, reserved 1079296K
  class space    used 3291K, capacity 3513K, committed 3584K, reserved 1048576K
}
Event: 1017.303 GC heap before
{Heap before GC invocations=103 (full 0):
 garbage-first heap   total 248832K, used 220494K [0x00000000e0000000, 0x0000000100000000)
  region size 1024K, 22 young (22528K), 2 survivors (2048K)
 Metaspace       used 32837K, capacity 33417K, committed 33536K, reserved 1079296K
  class space    used 3291K, capacity 3513K, committed 3584K, reserved 1048576K
}
Event: 1017.305 GC heap after
{Heap after GC invocations=104 (full 0):
 garbage-first heap   total 248832K, used 200080K [0x00000000e0000000, 0x0000000100000000)
  region size 1024K, 2 young (2048K), 2 survivors (2048K)
 Metaspace       used 32837K, capacity 33417K, committed 33536K, reserved 1079296K
  class space    used 3291K, capacity 3513K, committed 3584K, reserved 1048576K
}
Event: 1018.223 GC heap before
{Heap before GC invocations=104 (full 0):
 garbage-first heap   total 248832K, used 220560K [0x00000000e0000000, 0x0000000100000000)
  region size 1024K, 22 young (22528K), 2 survivors (2048K)
 Metaspace       used 32838K, capacity 33417K, committed 33536K, reserved 1079296K
  class space    used 3291K, capacity 3513K, committed 3584K, reserved 1048576K
}
Event: 1018.224 GC heap after
{Heap after GC invocations=105 (full 0):
 garbage-first heap   total 248832K, used 200166K [0x00000000e0000000, 0x0000000100000000)
  region size 1024K, 2 young (2048K), 2 survivors (2048K)
 Metaspace       used 32838K, capacity 33417K, committed 33536K, reserved 1079296K
  class space    used 3291K, capacity 3513K, committed 3584K, reserved 1048576K
}
Event: 1025.805 GC heap before
{Heap before GC invocations=105 (full 0):
 garbage-first heap   total 248832K, used 219622K [0x00000000e0000000, 0x0000000100000000)
  region size 1024K, 22 young (22528K), 2 survivors (2048K)
 Metaspace       used 32843K, capacity 33482K, committed 33792K, reserved 1079296K
  class space    used 3291K, capacity 3513K, committed 3584K, reserved 1048576K
}
Event: 1025.806 GC heap after
{Heap after GC invocations=106 (full 0):
 garbage-first heap   total 248832K, used 200292K [0x00000000e0000000, 0x0000000100000000)
  region size 1024K, 2 young (2048K), 2 survivors (2048K)
 Metaspace       used 32843K, capacity 33482K, committed 33792K, reserved 1079296K
  class space    used 3291K, capacity 3513K, committed 3584K, reserved 1048576K
}
Event: 1046.927 GC heap before
{Heap before GC invocations=106 (full 0):
 garbage-first heap   total 248832K, used 220772K [0x00000000e0000000, 0x0000000100000000)
  region size 1024K, 22 young (22528K), 2 survivors (2048K)
 Metaspace       used 32845K, capacity 33483K, committed 33792K, reserved 1079296K
  class space    used 3291K, capacity 3513K, committed 3584K, reserved 1048576K
}
Event: 1046.928 GC heap after
{Heap after GC invocations=107 (full 0):
 garbage-first heap   total 248832K, used 200327K [0x00000000e0000000, 0x0000000100000000)
  region size 1024K, 2 young (2048K), 2 survivors (2048K)
 Metaspace       used 32845K, capacity 33483K, committed 33792K, reserved 1079296K
  class space    used 3291K, capacity 3513K, committed 3584K, reserved 1048576K
}
Event: 1061.695 GC heap before
{Heap before GC invocations=107 (full 0):
 garbage-first heap   total 248832K, used 220807K [0x00000000e0000000, 0x0000000100000000)
  region size 1024K, 22 young (22528K), 2 survivors (2048K)
 Metaspace       used 32850K, capacity 33483K, committed 33792K, reserved 1079296K
  class space    used 3291K, capacity 3513K, committed 3584K, reserved 1048576K
}
Event: 1061.696 GC heap after
{Heap after GC invocations=108 (full 0):
 garbage-first heap   total 248832K, used 200432K [0x00000000e0000000, 0x0000000100000000)
  region size 1024K, 2 young (2048K), 2 survivors (2048K)
 Metaspace       used 32850K, capacity 33483K, committed 33792K, reserved 1079296K
  class space    used 3291K, capacity 3513K, committed 3584K, reserved 1048576K
}
Event: 1073.902 GC heap before
{Heap before GC invocations=108 (full 0):
 garbage-first heap   total 248832K, used 219888K [0x00000000e0000000, 0x0000000100000000)
  region size 1024K, 21 young (21504K), 2 survivors (2048K)
 Metaspace       used 32858K, capacity 33483K, committed 33792K, reserved 1079296K
  class space    used 3291K, capacity 3513K, committed 3584K, reserved 1048576K
}
Event: 1073.903 GC heap after
{Heap after GC invocations=109 (full 0):
 garbage-first heap   total 248832K, used 200566K [0x00000000e0000000, 0x0000000100000000)
  region size 1024K, 2 young (2048K), 2 survivors (2048K)
 Metaspace       used 32858K, capacity 33483K, committed 33792K, reserved 1079296K
  class space    used 3291K, capacity 3513K, committed 3584K, reserved 1048576K
}
Event: 1079.936 GC heap before
{Heap before GC invocations=109 (full 0):
 garbage-first heap   total 248832K, used 220022K [0x00000000e0000000, 0x0000000100000000)
  region size 1024K, 21 young (21504K), 2 survivors (2048K)
 Metaspace       used 32861K, capacity 33483K, committed 33792K, reserved 1079296K
  class space    used 3291K, capacity 3513K, committed 3584K, reserved 1048576K
}
Event: 1079.937 GC heap after
{Heap after GC invocations=110 (full 0):
 garbage-first heap   total 248832K, used 200621K [0x00000000e0000000, 0x0000000100000000)
  region size 1024K, 2 young (2048K), 2 survivors (2048K)
 Metaspace       used 32861K, capacity 33483K, committed 33792K, reserved 1079296K
  class space    used 3291K, capacity 3513K, committed 3584K, reserved 1048576K
}
Event: 1088.090 GC heap before
{Heap before GC invocations=110 (full 0):
 garbage-first heap   total 248832K, used 219053K [0x00000000e0000000, 0x0000000100000000)
  region size 1024K, 21 young (21504K), 2 survivors (2048K)
 Metaspace       used 32864K, capacity 33484K, committed 33792K, reserved 1079296K
  class space    used 3291K, capacity 3513K, committed 3584K, reserved 1048576K
}

